<?xml version="1.0" encoding="UTF-8"?>
<!-- Generated by org.testng.reporters.JUnitReportReporter -->
<testsuite skipped="0" hostname="LAPTOP-EHONPCLD" name="com.saucedemo.testsuite.LoginPageTest" tests="1" failures="0" timestamp="2023-05-07T10:56:07 BST" time="5.486" errors="0">
  <testcase name="userShouldLoginSuccessfullyWithValidCredentials" time="5.486" classname="com.saucedemo.testsuite.LoginPageTest"/>
  <system-out>
    <![CDATA[Enter Username standard_user to email field [[ChromeDriver: chrome on WINDOWS (f8b17d4ced03e8ec5dd63f6814aa476c)] -> xpath: //input[@id='user-name']]
Enter Password secret_sauce to password field [[ChromeDriver: chrome on WINDOWS (f8b17d4ced03e8ec5dd63f6814aa476c)] -> xpath: //input[@id='password']]
Clicking on Login Button  [[ChromeDriver: chrome on WINDOWS (f8b17d4ced03e8ec5dd63f6814aa476c)] -> xpath: //input[@id='login-button']]
Get Text From Product Title]]>
  </system-out>
</testsuite> <!-- com.saucedemo.testsuite.LoginPageTest -->
